2026-03-03 12:51:28.418 xcodebuild[2330:34296012]  DVTFilePathFSEvents: Failed to start fs event stream.
2026-03-03 12:51:28.771 xcodebuild[2330:34296005] [MT] DVTDeveloperPaths: Failed to get length of DARWIN_USER_CACHE_DIR from confstr(3), error = Error Domain=NSPOSIXErrorDomain Code=5 "Input/output error". Using NSCachesDirectory instead.
2026-03-03 12:51:29.596 xcodebuild[2330:34296011] CoreSimulatorService connection became invalid.  Simulator services will no longer be available.
2026-03-03 12:51:29.613 xcodebuild[2330:34296096] Logging connecton invalid: <OS_xpc_error: <dictionary: 0x7ff8472e0cc0> { count = 1, transaction: 0, voucher = 0x0, contents =
	"XPCErrorDescription" => <string: 0x7ff8472e0e58> { length = 18, contents = "Connection invalid" }
}>
Command line invocation:
    /Applications/Xcode.app/Contents/Developer/usr/bin/xcodebuild -project P_RosterVault.xcodeproj -scheme T_RosterVault -configuration Debug -derivedDataPath .DerivedData build2026-03-03 12:51:29.648 xcodebuild[2330:34296095] Error opening log file (/Users/otodr/Library/Logs/CoreSimulator/CoreSimulator.com.apple.dt.xcodebuild.log): Operation not permitted


[-[SimServiceContext sendRequest:]:1843] ERROR : Unable to deliver request ({
    "developer_dir" = "/Applications/Xcode.app/Contents/Developer";
    request = "set_developer_dir";
}) because we are not connected to CoreSimulatorService.
User defaults from command line:
    IDEDerivedDataPathOverride = /Users/otodr/Work/src/IOS-RoosterVault/.DerivedData
    IDEPackageSupportUseBuiltinSCM = YES

2026-03-03 12:51:29.800 xcodebuild[2330:34296005] [MT] DVTAssertions: Warning in DVTFrameworks/DVTFoundation/FileTypes/DVTFileDataTypeDetection.m:75
Details:  detectedTypeIdentifier (com.apple.binary-property-list) does not conform to matchedTypeIdentifier in MagicFileDataTypeDetector extenson com.apple.property-list.  When both are specified, this conformance is required. extension.identifier:Xcode.MagicFileDataTypeDetector.BinaryPlist
Object:   <DVTFileDataTypeDetectionMagicCache: 0x7f82655d9f20>
Method:   -initWithExtension:
Thread:   <_NSMainThread: 0x7f825e70fd50>{number = 1, name = main}
Please file a bug at https://feedbackassistant.apple.com with this warning message and any useful information you can provide.
2026-03-03 12:51:29.808 xcodebuild[2330:34296005] [MT] DVTAssertions: Warning in DVTFrameworks/DVTFoundation/FileTypes/DVTFileDataTypeDetection.m:75
Details:  detectedTypeIdentifier (com.apple.xml-property-list) does not conform to matchedTypeIdentifier in MagicFileDataTypeDetector extenson com.apple.property-list.  When both are specified, this conformance is required. extension.identifier:Xcode.MagicFileDataTypeDetector.XMLPlist
Object:   <DVTFileDataTypeDetectionMagicCache: 0x7f82655dc0c0>
Method:   -initWithExtension:
Thread:   <_NSMainThread: 0x7f825e70fd50>{number = 1, name = main}
Please file a bug at https://feedbackassistant.apple.com with this warning message and any useful information you can provide.
2026-03-03 12:51:29.833 xcodebuild[2330:34296095] A process invoked one of the -[NSFileCoordinator coordinate...] methods but filecoordinationd crashed. Returning an error.
2026-03-03 12:51:29.852 xcodebuild[2330:34296095] A process invoked one of the -[NSFileCoordinator coordinate...] methods but filecoordinationd crashed. Returning an error.
[-[SimDeviceType initWithBundle:error:]:238] ERROR : Error Domain=com.apple.CoreSimulator.SimError Code=402 "Unable to determine supported architectures for device type (/Applications/Xcode.app/Contents/Developer/Platforms/XROS.platform/Library/Developer/CoreSimulator/Profiles/DeviceTypes/Apple Vision Pro.simdevicetype/Contents/Resources/profile.plist)" UserInfo={NSLocalizedDescription=Unable to determine supported architectures for device type (/Applications/Xcode.app/Contents/Developer/Platforms/XROS.platform/Library/Developer/CoreSimulator/Profiles/DeviceTypes/Apple Vision Pro.simdevicetype/Contents/Resources/profile.plist)}
[-[SimServiceContext initWithDeveloperDir:connectionType:error:]:495] WARN  : Unable to discover any Simulator runtimes. Developer Directory is /Applications/Xcode.app/Contents/Developer.
2026-03-03 12:51:29.894 xcodebuild[2330:34296012] Error Domain=NSPOSIXErrorDomain Code=61 "Connection refused" UserInfo={NSLocalizedDescription=CoreSimulatorService connection became invalid.  Simulator services will no longer be available.}
[-[SimDiskImageManager init]:147] ERROR : Could not kickstart simdiskimaged; SimDiskImageManager services will not be available: Error Domain=NSPOSIXErrorDomain Code=53 "Software caused connection abort" UserInfo={NSLocalizedDescription=Error returned in reply from CoreSimulatorService: Connection invalid}
[-[SimDiskImageManager _onQueue_checkConnection:]:210] ERROR : simdiskimaged returned error (invalid), marking disconnected.
[-[SimDiskImageManager _onQueue_checkConnection:]:210] ERROR : simdiskimaged returned error (invalid), marking disconnected.
2026-03-03 12:51:30.022 xcodebuild[2330:34296012]  IDESimulatorAvailability: startObservingSimulatorUpdates() FAILED to register SimDeviceSet observer
[-[SimServiceContext initWithDeveloperDir:connectionType:error:]_block_invoke:531] ERROR : Could not get list of trusted mount directories: Error Domain=com.apple.CoreSimulator.SimError Code=410 "The service used to manage runtime disk images (simdiskimaged) crashed or is not responding" UserInfo={NSLocalizedDescription=The service used to manage runtime disk images (simdiskimaged) crashed or is not responding}
2026-03-03 12:51:30.022 xcodebuild[2330:34296101] Error Domain=NSPOSIXErrorDomain Code=61 "Connection refused" UserInfo={NSLocalizedDescription=CoreSimulatorService connection became invalid.  Simulator services will no longer be available.}
[-[SimServiceContext sendRequest:reply:error:]:1863] ERROR : Unable to deliver request ({
    request = "notification_subscription";
    "set_path" = "/Users/otodr/Library/Developer/CoreSimulator/Devices";
}) because we are not connected to CoreSimulatorService.
2026-03-03 12:51:30.022 xcodebuild[2330:34296106] A process invoked one of the -[NSFileCoordinator coordinate...] methods but filecoordinationd crashed. Returning an error.
[-[SimServiceContext sendRequest:reply:error:]:1863] ERROR : Unable to deliver request ({
    request = "notification_subscription";
    "set_path" = "/Users/otodr/Library/Developer/CoreSimulator/Devices";
}) because we are not connected to CoreSimulatorService.
2026-03-03 12:51:30.131 xcodebuild[2330:34296101]  iOSSimulator: [SimServiceContext defaultDeviceSetWithError:] returned nil (Error Domain=NSPOSIXErrorDomain Code=61 "Connection refused" UserInfo={NSLocalizedFailureReason=Failed to subscribe to notifications from CoreSimulatorService., NSLocalizedDescription=Failed to initialize simulator device set., NSUnderlyingError=0x7f82653a4300 {Error Domain=NSPOSIXErrorDomain Code=61 "Connection refused" UserInfo={NSLocalizedDescription=CoreSimulatorService connection became invalid.  Simulator services will no longer be available.}}}). Simulator device support disabled.
2026-03-03 12:51:30.234 xcodebuild[2330:34296005] [MT] IDELogStore: Failed to open log store at /Users/otodr/Work/src/IOS-RoosterVault/.DerivedData/Logs/Build
2026-03-03 12:51:30.240 xcodebuild[2330:34296005] [MT] IDELogStore: Failed to open Build log store: Error Domain=IDEFoundationErrorDomain Code=1 "Unable to create log store directory at '/Users/otodr/Work/src/IOS-RoosterVault/.DerivedData/Logs/Build': (513) You don’t have permission to save the file “Build” in the folder “Logs”." UserInfo={NSLocalizedDescription=Unable to create log store directory at '/Users/otodr/Work/src/IOS-RoosterVault/.DerivedData/Logs/Build': (513) You don’t have permission to save the file “Build” in the folder “Logs”.}. User info: {
    NSLocalizedDescription = "Unable to create log store directory at '/Users/otodr/Work/src/IOS-RoosterVault/.DerivedData/Logs/Build': (513) You don\U2019t have permission to save the file \U201cBuild\U201d in the folder \U201cLogs\U201d.";
}.
2026-03-03 12:51:30.301 xcodebuild[2330:34296109]  DVTProvisioningProfileManager: Failed to load profile "/Users/otodr/Library/Developer/Xcode/UserData/Provisioning Profiles/6795b933-6ff1-406a-9ea7-af9aa1866865.mobileprovision" (Error Domain=DVTProvisioningProfileProviderErrorDomain Code=1 "Failed to load profile." UserInfo={NSLocalizedDescription=Failed to load profile., NSLocalizedRecoverySuggestion=Profile is missing the required UUID property.})
2026-03-03 12:51:30.302 xcodebuild[2330:34296106]  DVTProvisioningProfileManager: Failed to load profile "/Users/otodr/Library/Developer/Xcode/UserData/Provisioning Profiles/2ba32d30-6d31-4f69-95e8-8eb84503df15.mobileprovision" (Error Domain=DVTProvisioningProfileProviderErrorDomain Code=1 "Failed to load profile." UserInfo={NSLocalizedDescription=Failed to load profile., NSLocalizedRecoverySuggestion=Profile is missing the required UUID property.})
2026-03-03 12:51:30.301 xcodebuild[2330:34296102]  DVTProvisioningProfileManager: Failed to load profile "/Users/otodr/Library/Developer/Xcode/UserData/Provisioning Profiles/5d6d6a0e-781c-43dc-9ea0-652a6e9311da.mobileprovision" (Error Domain=DVTProvisioningProfileProviderErrorDomain Code=1 "Failed to load profile." UserInfo={NSLocalizedDescription=Failed to load profile., NSLocalizedRecoverySuggestion=Profile is missing the required UUID property.})
2026-03-03 12:51:30.367 xcodebuild[2330:34296012]  DVTProvisioningProfileManager: Failed to load profile "/Users/otodr/Library/Developer/Xcode/UserData/Provisioning Profiles/0bf90380-2441-478e-9cc6-24a9b894c4bb.mobileprovision" (Error Domain=DVTProvisioningProfileProviderErrorDomain Code=1 "Failed to load profile." UserInfo={NSLocalizedDescription=Failed to load profile., NSLocalizedRecoverySuggestion=Profile is missing the required UUID property.})
2026-03-03 12:51:30.302 xcodebuild[2330:34296105]  DVTProvisioningProfileManager: Failed to load profile "/Users/otodr/Library/Developer/Xcode/UserData/Provisioning Profiles/543ca0ce-bc50-44e9-abb3-64ff6753ddce.mobileprovision" (Error Domain=DVTProvisioningProfileProviderErrorDomain Code=1 "Failed to load profile." UserInfo={NSLocalizedDescription=Failed to load profile., NSLocalizedRecoverySuggestion=Profile is missing the required UUID property.})
2026-03-03 12:51:30.302 xcodebuild[2330:34296101]  DVTProvisioningProfileManager: Failed to load profile "/Users/otodr/Library/Developer/Xcode/UserData/Provisioning Profiles/4a295584-672d-4edd-bd15-2686cedbff69.mobileprovision" (Error Domain=DVTProvisioningProfileProviderErrorDomain Code=1 "Failed to load profile." UserInfo={NSLocalizedDescription=Failed to load profile., NSLocalizedRecoverySuggestion=Profile is missing the required UUID property.})
--- xcodebuild: WARNING: Using the first of multiple matching destinations:
{ platform:iOS, id:dvtdevice-DVTiPhonePlaceholder-iphoneos:placeholder, name:Any iOS Device }
{ platform:iOS Simulator, id:dvtdevice-DVTiOSDeviceSimulatorPlaceholder-iphonesimulator:placeholder, name:Any iOS Simulator Device }
Prepare packages

Build Preparation
Couldn't create workspace arena folder '/Users/otodr/Work/src/IOS-RoosterVault/.DerivedData': Unable to write to info file '<DVTFilePath:0x7f82656eb2c0:'/Users/otodr/Work/src/IOS-RoosterVault/.DerivedData/info.plist'>'.

** BUILD FAILED **


The following build commands failed:
	Building project P_RosterVault with scheme T_RosterVault and configuration Debug
(1 failure)
